# JRE version: OpenJDK Runtime Environment (8.0_171-b11) (build 1.8.0_171-8u171-b11-0ubuntu0.17.10.1-b11)
# Java VM: OpenJDK 64-Bit Server VM (25.171-b11 mixed mode linux-amd64 compressed oops)
Heap:
 PSYoungGen      total 939008K, used 9783K [0x000000076d000000, 0x00000007a7080000, 0x00000007c0000000)
  eden space 927232K, 0% used [0x000000076d000000,0x000000076d000000,0x00000007a5980000)
  from space 11776K, 83% used [0x00000007a5980000,0x00000007a630dd48,0x00000007a6500000)
  to   space 6144K, 0% used [0x00000007a6a80000,0x00000007a6a80000,0x00000007a7080000)
 ParOldGen       total 172544K, used 22072K [0x00000006c7000000, 0x00000006d1880000, 0x000000076d000000)
  object space 172544K, 12% used [0x00000006c7000000,0x00000006c858e118,0x00000006d1880000)
 Metaspace       used 38379K, capacity 38874K, committed 39168K, reserved 1083392K
  class space    used 4638K, capacity 4771K, committed 4864K, reserved 1048576K
GC Heap History (10 events):
Event: 10.719 GC heap after
Heap after GC invocations=10 (full 1):
 PSYoungGen      total 522240K, used 5602K [0x000000076d000000, 0x0000000798900000, 0x00000007c0000000)
  eden space 515072K, 0% used [0x000000076d000000,0x000000076d000000,0x000000078c700000)
  from space 7168K, 78% used [0x000000078c700000,0x000000078cc78a48,0x000000078ce00000)
  to   space 7680K, 0% used [0x0000000798180000,0x0000000798180000,0x0000000798900000)
 ParOldGen       total 98816K, used 6394K [0x00000006c7000000, 0x00000006cd080000, 0x000000076d000000)
  object space 98816K, 6% used [0x00000006c7000000,0x00000006c763e888,0x00000006cd080000)
 Metaspace       used 24438K, capacity 24792K, committed 25088K, reserved 1071104K
  class space    used 2937K, capacity 3052K, committed 3072K, reserved 1048576K
}
Event: 12.526 GC heap before
{Heap before GC invocations=11 (full 1):
 PSYoungGen      total 522240K, used 520674K [0x000000076d000000, 0x0000000798900000, 0x00000007c0000000)
  eden space 515072K, 100% used [0x000000076d000000,0x000000078c700000,0x000000078c700000)
  from space 7168K, 78% used [0x000000078c700000,0x000000078cc78a48,0x000000078ce00000)
  to   space 7680K, 0% used [0x0000000798180000,0x0000000798180000,0x0000000798900000)
 ParOldGen       total 98816K, used 6394K [0x00000006c7000000, 0x00000006cd080000, 0x000000076d000000)
  object space 98816K, 6% used [0x00000006c7000000,0x00000006c763e888,0x00000006cd080000)
 Metaspace       used 25396K, capacity 25704K, committed 25984K, reserved 1073152K
  class space    used 3070K, capacity 3156K, committed 3200K, reserved 1048576K
Event: 12.555 GC heap after
Heap after GC invocations=11 (full 1):
 PSYoungGen      total 705536K, used 6135K [0x000000076d000000, 0x0000000798c80000, 0x00000007c0000000)
  eden space 697856K, 0% used [0x000000076d000000,0x000000076d000000,0x0000000797980000)
  from space 7680K, 79% used [0x0000000798180000,0x000000079877de58,0x0000000798900000)
  to   space 8192K, 0% used [0x0000000797980000,0x0000000797980000,0x0000000798180000)
 ParOldGen       total 98816K, used 6402K [0x00000006c7000000, 0x00000006cd080000, 0x000000076d000000)
  object space 98816K, 6% used [0x00000006c7000000,0x00000006c7640888,0x00000006cd080000)
 Metaspace       used 25396K, capacity 25704K, committed 25984K, reserved 1073152K
  class space    used 3070K, capacity 3156K, committed 3200K, reserved 1048576K
}
Event: 18.518 GC heap before
{Heap before GC invocations=12 (full 1):
 PSYoungGen      total 705536K, used 703991K [0x000000076d000000, 0x0000000798c80000, 0x00000007c0000000)
  eden space 697856K, 100% used [0x000000076d000000,0x0000000797980000,0x0000000797980000)
  from space 7680K, 79% used [0x0000000798180000,0x000000079877de58,0x0000000798900000)
  to   space 8192K, 0% used [0x0000000797980000,0x0000000797980000,0x0000000798180000)
 ParOldGen       total 98816K, used 6402K [0x00000006c7000000, 0x00000006cd080000, 0x000000076d000000)
  object space 98816K, 6% used [0x00000006c7000000,0x00000006c7640888,0x00000006cd080000)
 Metaspace       used 31703K, capacity 32046K, committed 32256K, reserved 1077248K
  class space    used 3876K, capacity 3973K, committed 4096K, reserved 1048576K
Event: 18.551 GC heap after
Heap after GC invocations=12 (full 1):
 PSYoungGen      total 706048K, used 8167K [0x000000076d000000, 0x00000007a7680000, 0x00000007c0000000)
  eden space 697856K, 0% used [0x000000076d000000,0x000000076d000000,0x0000000797980000)
  from space 8192K, 99% used [0x0000000797980000,0x0000000798179ff0,0x0000000798180000)
  to   space 12288K, 0% used [0x00000007a6a80000,0x00000007a6a80000,0x00000007a7680000)
 ParOldGen       total 98816K, used 14980K [0x00000006c7000000, 0x00000006cd080000, 0x000000076d000000)
  object space 98816K, 15% used [0x00000006c7000000,0x00000006c7ea1180,0x00000006cd080000)
 Metaspace       used 31703K, capacity 32046K, committed 32256K, reserved 1077248K
  class space    used 3876K, capacity 3973K, committed 4096K, reserved 1048576K
}
Event: 21.933 GC heap before
{Heap before GC invocations=13 (full 1):
 PSYoungGen      total 706048K, used 403226K [0x000000076d000000, 0x00000007a7680000, 0x00000007c0000000)
  eden space 697856K, 56% used [0x000000076d000000,0x00000007851cc928,0x0000000797980000)
  from space 8192K, 99% used [0x0000000797980000,0x0000000798179ff0,0x0000000798180000)
  to   space 12288K, 0% used [0x00000007a6a80000,0x00000007a6a80000,0x00000007a7680000)
 ParOldGen       total 98816K, used 14980K [0x00000006c7000000, 0x00000006cd080000, 0x000000076d000000)
  object space 98816K, 15% used [0x00000006c7000000,0x00000006c7ea1180,0x00000006cd080000)
 Metaspace       used 34885K, capacity 35252K, committed 35416K, reserved 1081344K
  class space    used 4192K, capacity 4294K, committed 4352K, reserved 1048576K
Event: 21.967 GC heap after
Heap after GC invocations=13 (full 1):
 PSYoungGen      total 933376K, used 4864K [0x000000076d000000, 0x00000007a7080000, 0x00000007c0000000)
  eden space 927232K, 0% used [0x000000076d000000,0x000000076d000000,0x00000007a5980000)
  from space 6144K, 79% used [0x00000007a6a80000,0x00000007a6f40318,0x00000007a7080000)
  to   space 11776K, 0% used [0x00000007a5980000,0x00000007a5980000,0x00000007a6500000)
 ParOldGen       total 98816K, used 23027K [0x00000006c7000000, 0x00000006cd080000, 0x000000076d000000)
  object space 98816K, 23% used [0x00000006c7000000,0x00000006c867cc30,0x00000006cd080000)
 Metaspace       used 34885K, capacity 35252K, committed 35416K, reserved 1081344K
  class space    used 4192K, capacity 4294K, committed 4352K, reserved 1048576K
}
Event: 21.967 GC heap before
{Heap before GC invocations=14 (full 2):
 PSYoungGen      total 933376K, used 4864K [0x000000076d000000, 0x00000007a7080000, 0x00000007c0000000)
  eden space 927232K, 0% used [0x000000076d000000,0x000000076d000000,0x00000007a5980000)
  from space 6144K, 79% used [0x00000007a6a80000,0x00000007a6f40318,0x00000007a7080000)
  to   space 11776K, 0% used [0x00000007a5980000,0x00000007a5980000,0x00000007a6500000)
 ParOldGen       total 98816K, used 23027K [0x00000006c7000000, 0x00000006cd080000, 0x000000076d000000)
  object space 98816K, 23% used [0x00000006c7000000,0x00000006c867cc30,0x00000006cd080000)
 Metaspace       used 34885K, capacity 35252K, committed 35416K, reserved 1081344K
  class space    used 4192K, capacity 4294K, committed 4352K, reserved 1048576K
Event: 22.329 GC heap after
Heap after GC invocations=14 (full 2):
 PSYoungGen      total 933376K, used 0K [0x000000076d000000, 0x00000007a7080000, 0x00000007c0000000)
  eden space 927232K, 0% used [0x000000076d000000,0x000000076d000000,0x00000007a5980000)
  from space 6144K, 0% used [0x00000007a6a80000,0x00000007a6a80000,0x00000007a7080000)
  to   space 11776K, 0% used [0x00000007a5980000,0x00000007a5980000,0x00000007a6500000)
 ParOldGen       total 172544K, used 22064K [0x00000006c7000000, 0x00000006d1880000, 0x000000076d000000)
  object space 172544K, 12% used [0x00000006c7000000,0x00000006c858c118,0x00000006d1880000)
 Metaspace       used 34885K, capacity 35252K, committed 35416K, reserved 1081344K
  class space    used 4192K, capacity 4294K, committed 4352K, reserved 1048576K
}
Event: 41.645 GC heap before
{Heap before GC invocations=15 (full 2):
 PSYoungGen      total 933376K, used 927232K [0x000000076d000000, 0x00000007a7080000, 0x00000007c0000000)
  eden space 927232K, 100% used [0x000000076d000000,0x00000007a5980000,0x00000007a5980000)
  from space 6144K, 0% used [0x00000007a6a80000,0x00000007a6a80000,0x00000007a7080000)
  to   space 11776K, 0% used [0x00000007a5980000,0x00000007a5980000,0x00000007a6500000)
 ParOldGen       total 172544K, used 22064K [0x00000006c7000000, 0x00000006d1880000, 0x000000076d000000)
  object space 172544K, 12% used [0x00000006c7000000,0x00000006c858c118,0x00000006d1880000)
 Metaspace       used 38379K, capacity 38874K, committed 39168K, reserved 1083392K
  class space    used 4638K, capacity 4771K, committed 4864K, reserved 1048576K

