# JRE version: OpenJDK Runtime Environment (8.0_171-b11) (build 1.8.0_171-8u171-b11-0ubuntu0.17.10.1-b11)
# Java VM: OpenJDK 64-Bit Server VM (25.171-b11 mixed mode linux-amd64 compressed oops)
Heap:
 PSYoungGen      total 911872K, used 10529K [0x000000076d000000, 0x00000007a5a00000, 0x00000007c0000000)
  eden space 900096K, 0% used [0x000000076d000000,0x000000076d000000,0x00000007a3f00000)
  from space 11776K, 89% used [0x00000007a4300000,0x00000007a4d48790,0x00000007a4e80000)
  to   space 9216K, 0% used [0x00000007a5100000,0x00000007a5100000,0x00000007a5a00000)
 ParOldGen       total 172544K, used 22375K [0x00000006c7000000, 0x00000006d1880000, 0x000000076d000000)
  object space 172544K, 12% used [0x00000006c7000000,0x00000006c85d9f08,0x00000006d1880000)
 Metaspace       used 40050K, capacity 40553K, committed 40880K, reserved 1085440K
  class space    used 4793K, capacity 4941K, committed 5040K, reserved 1048576K
GC Heap History (10 events):
Event: 9.480 GC heap after
Heap after GC invocations=10 (full 1):
 PSYoungGen      total 522240K, used 5441K [0x000000076d000000, 0x0000000797d80000, 0x00000007c0000000)
  eden space 515072K, 0% used [0x000000076d000000,0x000000076d000000,0x000000078c700000)
  from space 7168K, 75% used [0x000000078c700000,0x000000078cc50478,0x000000078ce00000)
  to   space 7680K, 0% used [0x0000000797600000,0x0000000797600000,0x0000000797d80000)
 ParOldGen       total 98816K, used 6559K [0x00000006c7000000, 0x00000006cd080000, 0x000000076d000000)
  object space 98816K, 6% used [0x00000006c7000000,0x00000006c7667f90,0x00000006cd080000)
 Metaspace       used 24287K, capacity 24681K, committed 24880K, reserved 1071104K
  class space    used 2923K, capacity 3029K, committed 3120K, reserved 1048576K
}
Event: 10.963 GC heap before
{Heap before GC invocations=11 (full 1):
 PSYoungGen      total 522240K, used 520513K [0x000000076d000000, 0x0000000797d80000, 0x00000007c0000000)
  eden space 515072K, 100% used [0x000000076d000000,0x000000078c700000,0x000000078c700000)
  from space 7168K, 75% used [0x000000078c700000,0x000000078cc50478,0x000000078ce00000)
  to   space 7680K, 0% used [0x0000000797600000,0x0000000797600000,0x0000000797d80000)
 ParOldGen       total 98816K, used 6559K [0x00000006c7000000, 0x00000006cd080000, 0x000000076d000000)
  object space 98816K, 6% used [0x00000006c7000000,0x00000006c7667f90,0x00000006cd080000)
 Metaspace       used 25363K, capacity 25735K, committed 26032K, reserved 1073152K
  class space    used 3071K, capacity 3162K, committed 3248K, reserved 1048576K
Event: 10.990 GC heap after
Heap after GC invocations=11 (full 1):
 PSYoungGen      total 693760K, used 6194K [0x000000076d000000, 0x0000000798180000, 0x00000007c0000000)
  eden space 686080K, 0% used [0x000000076d000000,0x000000076d000000,0x0000000796e00000)
  from space 7680K, 80% used [0x0000000797600000,0x0000000797c0c8e8,0x0000000797d80000)
  to   space 8192K, 0% used [0x0000000796e00000,0x0000000796e00000,0x0000000797600000)
 ParOldGen       total 98816K, used 6559K [0x00000006c7000000, 0x00000006cd080000, 0x000000076d000000)
  object space 98816K, 6% used [0x00000006c7000000,0x00000006c7667f90,0x00000006cd080000)
 Metaspace       used 25363K, capacity 25735K, committed 26032K, reserved 1073152K
  class space    used 3071K, capacity 3162K, committed 3248K, reserved 1048576K
}
Event: 15.390 GC heap before
{Heap before GC invocations=12 (full 1):
 PSYoungGen      total 693760K, used 692274K [0x000000076d000000, 0x0000000798180000, 0x00000007c0000000)
  eden space 686080K, 100% used [0x000000076d000000,0x0000000796e00000,0x0000000796e00000)
  from space 7680K, 80% used [0x0000000797600000,0x0000000797c0c8e8,0x0000000797d80000)
  to   space 8192K, 0% used [0x0000000796e00000,0x0000000796e00000,0x0000000797600000)
 ParOldGen       total 98816K, used 6559K [0x00000006c7000000, 0x00000006cd080000, 0x000000076d000000)
  object space 98816K, 6% used [0x00000006c7000000,0x00000006c7667f90,0x00000006cd080000)
 Metaspace       used 30622K, capacity 31013K, committed 31280K, reserved 1077248K
  class space    used 3748K, capacity 3855K, committed 3888K, reserved 1048576K
Event: 15.437 GC heap after
Heap after GC invocations=12 (full 1):
 PSYoungGen      total 694272K, used 8093K [0x000000076d000000, 0x00000007a5a00000, 0x00000007c0000000)
  eden space 686080K, 0% used [0x000000076d000000,0x000000076d000000,0x0000000796e00000)
  from space 8192K, 98% used [0x0000000796e00000,0x00000007975e7798,0x0000000797600000)
  to   space 9216K, 0% used [0x00000007a5100000,0x00000007a5100000,0x00000007a5a00000)
 ParOldGen       total 98816K, used 10663K [0x00000006c7000000, 0x00000006cd080000, 0x000000076d000000)
  object space 98816K, 10% used [0x00000006c7000000,0x00000006c7a69fe0,0x00000006cd080000)
 Metaspace       used 30622K, capacity 31013K, committed 31280K, reserved 1077248K
  class space    used 3748K, capacity 3855K, committed 3888K, reserved 1048576K
}
Event: 19.707 GC heap before
{Heap before GC invocations=13 (full 1):
 PSYoungGen      total 694272K, used 641034K [0x000000076d000000, 0x00000007a5a00000, 0x00000007c0000000)
  eden space 686080K, 92% used [0x000000076d000000,0x0000000793a1b408,0x0000000796e00000)
  from space 8192K, 98% used [0x0000000796e00000,0x00000007975e7798,0x0000000797600000)
  to   space 9216K, 0% used [0x00000007a5100000,0x00000007a5100000,0x00000007a5a00000)
 ParOldGen       total 98816K, used 10663K [0x00000006c7000000, 0x00000006cd080000, 0x000000076d000000)
  object space 98816K, 10% used [0x00000006c7000000,0x00000006c7a69fe0,0x00000006cd080000)
 Metaspace       used 34906K, capacity 35325K, committed 35496K, reserved 1081344K
  class space    used 4263K, capacity 4371K, committed 4400K, reserved 1048576K
Event: 19.745 GC heap after
Heap after GC invocations=13 (full 1):
 PSYoungGen      total 909312K, used 9199K [0x000000076d000000, 0x00000007a5a00000, 0x00000007c0000000)
  eden space 900096K, 0% used [0x000000076d000000,0x000000076d000000,0x00000007a3f00000)
  from space 9216K, 99% used [0x00000007a5100000,0x00000007a59fbf28,0x00000007a5a00000)
  to   space 11776K, 0% used [0x00000007a4300000,0x00000007a4300000,0x00000007a4e80000)
 ParOldGen       total 98816K, used 15371K [0x00000006c7000000, 0x00000006cd080000, 0x000000076d000000)
  object space 98816K, 15% used [0x00000006c7000000,0x00000006c7f02e00,0x00000006cd080000)
 Metaspace       used 34906K, capacity 35325K, committed 35496K, reserved 1081344K
  class space    used 4263K, capacity 4371K, committed 4400K, reserved 1048576K
}
Event: 19.745 GC heap before
{Heap before GC invocations=14 (full 2):
 PSYoungGen      total 909312K, used 9199K [0x000000076d000000, 0x00000007a5a00000, 0x00000007c0000000)
  eden space 900096K, 0% used [0x000000076d000000,0x000000076d000000,0x00000007a3f00000)
  from space 9216K, 99% used [0x00000007a5100000,0x00000007a59fbf28,0x00000007a5a00000)
  to   space 11776K, 0% used [0x00000007a4300000,0x00000007a4300000,0x00000007a4e80000)
 ParOldGen       total 98816K, used 15371K [0x00000006c7000000, 0x00000006cd080000, 0x000000076d000000)
  object space 98816K, 15% used [0x00000006c7000000,0x00000006c7f02e00,0x00000006cd080000)
 Metaspace       used 34906K, capacity 35325K, committed 35496K, reserved 1081344K
  class space    used 4263K, capacity 4371K, committed 4400K, reserved 1048576K
Event: 20.108 GC heap after
Heap after GC invocations=14 (full 2):
 PSYoungGen      total 909312K, used 0K [0x000000076d000000, 0x00000007a5a00000, 0x00000007c0000000)
  eden space 900096K, 0% used [0x000000076d000000,0x000000076d000000,0x00000007a3f00000)
  from space 9216K, 0% used [0x00000007a5100000,0x00000007a5100000,0x00000007a5a00000)
  to   space 11776K, 0% used [0x00000007a4300000,0x00000007a4300000,0x00000007a4e80000)
 ParOldGen       total 172544K, used 22367K [0x00000006c7000000, 0x00000006d1880000, 0x000000076d000000)
  object space 172544K, 12% used [0x00000006c7000000,0x00000006c85d7f08,0x00000006d1880000)
 Metaspace       used 34906K, capacity 35325K, committed 35496K, reserved 1081344K
  class space    used 4263K, capacity 4371K, committed 4400K, reserved 1048576K
}
Event: 28.659 GC heap before
{Heap before GC invocations=15 (full 2):
 PSYoungGen      total 909312K, used 900096K [0x000000076d000000, 0x00000007a5a00000, 0x00000007c0000000)
  eden space 900096K, 100% used [0x000000076d000000,0x00000007a3f00000,0x00000007a3f00000)
  from space 9216K, 0% used [0x00000007a5100000,0x00000007a5100000,0x00000007a5a00000)
  to   space 11776K, 0% used [0x00000007a4300000,0x00000007a4300000,0x00000007a4e80000)
 ParOldGen       total 172544K, used 22367K [0x00000006c7000000, 0x00000006d1880000, 0x000000076d000000)
  object space 172544K, 12% used [0x00000006c7000000,0x00000006c85d7f08,0x00000006d1880000)
 Metaspace       used 40050K, capacity 40553K, committed 40880K, reserved 1085440K
  class space    used 4793K, capacity 4941K, committed 5040K, reserved 1048576K

