# JRE version: OpenJDK Runtime Environment (8.0_171-b11) (build 1.8.0_171-8u171-b11-0ubuntu0.17.10.1-b11)
# Java VM: OpenJDK 64-Bit Server VM (25.171-b11 mixed mode linux-amd64 compressed oops)
Heap:
 PSYoungGen      total 1002496K, used 10350K [0x000000076d000000, 0x00000007aaf00000, 0x00000007c0000000)
  eden space 990720K, 0% used [0x000000076d000000,0x000000076d000000,0x00000007a9780000)
  from space 11776K, 87% used [0x00000007a9800000,0x00000007aa21b8d0,0x00000007aa380000)
  to   space 5120K, 0% used [0x00000007aaa00000,0x00000007aaa00000,0x00000007aaf00000)
 ParOldGen       total 167936K, used 22173K [0x00000006c7000000, 0x00000006d1400000, 0x000000076d000000)
  object space 167936K, 13% used [0x00000006c7000000,0x00000006c85a7420,0x00000006d1400000)
 Metaspace       used 38702K, capacity 39194K, committed 39424K, reserved 1083392K
  class space    used 4697K, capacity 4835K, committed 4864K, reserved 1048576K
GC Heap History (10 events):
Event: 9.190 GC heap after
Heap after GC invocations=10 (full 1):
 PSYoungGen      total 522240K, used 5464K [0x000000076d000000, 0x0000000799c80000, 0x00000007c0000000)
  eden space 515072K, 0% used [0x000000076d000000,0x000000076d000000,0x000000078c700000)
  from space 7168K, 76% used [0x000000078c700000,0x000000078cc561f8,0x000000078ce00000)
  to   space 7680K, 0% used [0x0000000799500000,0x0000000799500000,0x0000000799c80000)
 ParOldGen       total 93184K, used 6430K [0x00000006c7000000, 0x00000006ccb00000, 0x000000076d000000)
  object space 93184K, 6% used [0x00000006c7000000,0x00000006c7647988,0x00000006ccb00000)
 Metaspace       used 24365K, capacity 24664K, committed 24832K, reserved 1071104K
  class space    used 2930K, capacity 3052K, committed 3072K, reserved 1048576K
}
Event: 10.409 GC heap before
{Heap before GC invocations=11 (full 1):
 PSYoungGen      total 522240K, used 520536K [0x000000076d000000, 0x0000000799c80000, 0x00000007c0000000)
  eden space 515072K, 100% used [0x000000076d000000,0x000000078c700000,0x000000078c700000)
  from space 7168K, 76% used [0x000000078c700000,0x000000078cc561f8,0x000000078ce00000)
  to   space 7680K, 0% used [0x0000000799500000,0x0000000799500000,0x0000000799c80000)
 ParOldGen       total 93184K, used 6430K [0x00000006c7000000, 0x00000006ccb00000, 0x000000076d000000)
  object space 93184K, 6% used [0x00000006c7000000,0x00000006c7647988,0x00000006ccb00000)
 Metaspace       used 25349K, capacity 25704K, committed 25984K, reserved 1073152K
  class space    used 3068K, capacity 3156K, committed 3200K, reserved 1048576K
Event: 10.432 GC heap after
Heap after GC invocations=11 (full 1):
 PSYoungGen      total 725504K, used 6116K [0x000000076d000000, 0x000000079a300000, 0x00000007c0000000)
  eden space 717824K, 0% used [0x000000076d000000,0x000000076d000000,0x0000000798d00000)
  from space 7680K, 79% used [0x0000000799500000,0x0000000799af93d0,0x0000000799c80000)
  to   space 8192K, 0% used [0x0000000798d00000,0x0000000798d00000,0x0000000799500000)
 ParOldGen       total 93184K, used 6438K [0x00000006c7000000, 0x00000006ccb00000, 0x000000076d000000)
  object space 93184K, 6% used [0x00000006c7000000,0x00000006c7649988,0x00000006ccb00000)
 Metaspace       used 25349K, capacity 25704K, committed 25984K, reserved 1073152K
  class space    used 3068K, capacity 3156K, committed 3200K, reserved 1048576K
}
Event: 14.903 GC heap before
{Heap before GC invocations=12 (full 1):
 PSYoungGen      total 725504K, used 723940K [0x000000076d000000, 0x000000079a300000, 0x00000007c0000000)
  eden space 717824K, 100% used [0x000000076d000000,0x0000000798d00000,0x0000000798d00000)
  from space 7680K, 79% used [0x0000000799500000,0x0000000799af93d0,0x0000000799c80000)
  to   space 8192K, 0% used [0x0000000798d00000,0x0000000798d00000,0x0000000799500000)
 ParOldGen       total 93184K, used 6438K [0x00000006c7000000, 0x00000006ccb00000, 0x000000076d000000)
  object space 93184K, 6% used [0x00000006c7000000,0x00000006c7649988,0x00000006ccb00000)
 Metaspace       used 31674K, capacity 32046K, committed 32256K, reserved 1077248K
  class space    used 3874K, capacity 3973K, committed 4096K, reserved 1048576K
Event: 14.943 GC heap after
Heap after GC invocations=12 (full 1):
 PSYoungGen      total 726016K, used 8167K [0x000000076d000000, 0x00000007ab600000, 0x00000007c0000000)
  eden space 717824K, 0% used [0x000000076d000000,0x000000076d000000,0x0000000798d00000)
  from space 8192K, 99% used [0x0000000798d00000,0x00000007994f9ff0,0x0000000799500000)
  to   space 12288K, 0% used [0x00000007aaa00000,0x00000007aaa00000,0x00000007ab600000)
 ParOldGen       total 93184K, used 15089K [0x00000006c7000000, 0x00000006ccb00000, 0x000000076d000000)
  object space 93184K, 16% used [0x00000006c7000000,0x00000006c7ebc610,0x00000006ccb00000)
 Metaspace       used 31674K, capacity 32046K, committed 32256K, reserved 1077248K
  class space    used 3874K, capacity 3973K, committed 4096K, reserved 1048576K
}
Event: 17.869 GC heap before
{Heap before GC invocations=13 (full 1):
 PSYoungGen      total 726016K, used 407224K [0x000000076d000000, 0x00000007ab600000, 0x00000007c0000000)
  eden space 717824K, 55% used [0x000000076d000000,0x00000007855b42b0,0x0000000798d00000)
  from space 8192K, 99% used [0x0000000798d00000,0x00000007994f9ff0,0x0000000799500000)
  to   space 12288K, 0% used [0x00000007aaa00000,0x00000007aaa00000,0x00000007ab600000)
 ParOldGen       total 93184K, used 15089K [0x00000006c7000000, 0x00000006ccb00000, 0x000000076d000000)
  object space 93184K, 16% used [0x00000006c7000000,0x00000006c7ebc610,0x00000006ccb00000)
 Metaspace       used 34932K, capacity 35252K, committed 35416K, reserved 1081344K
  class space    used 4192K, capacity 4294K, committed 4352K, reserved 1048576K
Event: 17.899 GC heap after
Heap after GC invocations=13 (full 1):
 PSYoungGen      total 995840K, used 4993K [0x000000076d000000, 0x00000007aaf00000, 0x00000007c0000000)
  eden space 990720K, 0% used [0x000000076d000000,0x000000076d000000,0x00000007a9780000)
  from space 5120K, 97% used [0x00000007aaa00000,0x00000007aaee0570,0x00000007aaf00000)
  to   space 11776K, 0% used [0x00000007a9800000,0x00000007a9800000,0x00000007aa380000)
 ParOldGen       total 93184K, used 23081K [0x00000006c7000000, 0x00000006ccb00000, 0x000000076d000000)
  object space 93184K, 24% used [0x00000006c7000000,0x00000006c868a528,0x00000006ccb00000)
 Metaspace       used 34932K, capacity 35252K, committed 35416K, reserved 1081344K
  class space    used 4192K, capacity 4294K, committed 4352K, reserved 1048576K
}
Event: 17.899 GC heap before
{Heap before GC invocations=14 (full 2):
 PSYoungGen      total 995840K, used 4993K [0x000000076d000000, 0x00000007aaf00000, 0x00000007c0000000)
  eden space 990720K, 0% used [0x000000076d000000,0x000000076d000000,0x00000007a9780000)
  from space 5120K, 97% used [0x00000007aaa00000,0x00000007aaee0570,0x00000007aaf00000)
  to   space 11776K, 0% used [0x00000007a9800000,0x00000007a9800000,0x00000007aa380000)
 ParOldGen       total 93184K, used 23081K [0x00000006c7000000, 0x00000006ccb00000, 0x000000076d000000)
  object space 93184K, 24% used [0x00000006c7000000,0x00000006c868a528,0x00000006ccb00000)
 Metaspace       used 34932K, capacity 35252K, committed 35416K, reserved 1081344K
  class space    used 4192K, capacity 4294K, committed 4352K, reserved 1048576K
Event: 18.334 GC heap after
Heap after GC invocations=14 (full 2):
 PSYoungGen      total 995840K, used 0K [0x000000076d000000, 0x00000007aaf00000, 0x00000007c0000000)
  eden space 990720K, 0% used [0x000000076d000000,0x000000076d000000,0x00000007a9780000)
  from space 5120K, 0% used [0x00000007aaa00000,0x00000007aaa00000,0x00000007aaf00000)
  to   space 11776K, 0% used [0x00000007a9800000,0x00000007a9800000,0x00000007aa380000)
 ParOldGen       total 167936K, used 22165K [0x00000006c7000000, 0x00000006d1400000, 0x000000076d000000)
  object space 167936K, 13% used [0x00000006c7000000,0x00000006c85a5420,0x00000006d1400000)
 Metaspace       used 34932K, capacity 35252K, committed 35416K, reserved 1081344K
  class space    used 4192K, capacity 4294K, committed 4352K, reserved 1048576K
}
Event: 25.481 GC heap before
{Heap before GC invocations=15 (full 2):
 PSYoungGen      total 995840K, used 990720K [0x000000076d000000, 0x00000007aaf00000, 0x00000007c0000000)
  eden space 990720K, 100% used [0x000000076d000000,0x00000007a9780000,0x00000007a9780000)
  from space 5120K, 0% used [0x00000007aaa00000,0x00000007aaa00000,0x00000007aaf00000)
  to   space 11776K, 0% used [0x00000007a9800000,0x00000007a9800000,0x00000007aa380000)
 ParOldGen       total 167936K, used 22165K [0x00000006c7000000, 0x00000006d1400000, 0x000000076d000000)
  object space 167936K, 13% used [0x00000006c7000000,0x00000006c85a5420,0x00000006d1400000)
 Metaspace       used 38702K, capacity 39194K, committed 39424K, reserved 1083392K
  class space    used 4697K, capacity 4835K, committed 4864K, reserved 1048576K

