# JRE version: OpenJDK Runtime Environment (8.0_171-b11) (build 1.8.0_171-8u171-b11-0ubuntu0.17.10.1-b11)
# Java VM: OpenJDK 64-Bit Server VM (25.171-b11 mixed mode linux-amd64 compressed oops)
Heap:
 PSYoungGen      total 929280K, used 9627K [0x000000076d000000, 0x00000007a6c00000, 0x00000007c0000000)
  eden space 916992K, 0% used [0x000000076d000000,0x000000076d000000,0x00000007a4f80000)
  from space 12288K, 78% used [0x00000007a4f80000,0x00000007a58e6ea0,0x00000007a5b80000)
  to   space 8704K, 0% used [0x00000007a5b80000,0x00000007a5b80000,0x00000007a6400000)
 ParOldGen       total 168960K, used 22864K [0x00000006c7000000, 0x00000006d1500000, 0x000000076d000000)
  object space 168960K, 13% used [0x00000006c7000000,0x00000006c8654230,0x00000006d1500000)
 Metaspace       used 38073K, capacity 38516K, committed 38832K, reserved 1083392K
  class space    used 4588K, capacity 4714K, committed 4784K, reserved 1048576K
GC Heap History (10 events):
Event: 9.168 GC heap after
Heap after GC invocations=10 (full 1):
 PSYoungGen      total 522240K, used 5455K [0x000000076d000000, 0x0000000798380000, 0x00000007c0000000)
  eden space 515072K, 0% used [0x000000076d000000,0x000000076d000000,0x000000078c700000)
  from space 7168K, 76% used [0x000000078c700000,0x000000078cc53ea8,0x000000078ce00000)
  to   space 7680K, 0% used [0x0000000797c00000,0x0000000797c00000,0x0000000798380000)
 ParOldGen       total 97280K, used 6474K [0x00000006c7000000, 0x00000006ccf00000, 0x000000076d000000)
  object space 97280K, 6% used [0x00000006c7000000,0x00000006c76528a8,0x00000006ccf00000)
 Metaspace       used 24280K, capacity 24608K, committed 24880K, reserved 1071104K
  class space    used 2918K, capacity 3028K, committed 3120K, reserved 1048576K
}
Event: 10.400 GC heap before
{Heap before GC invocations=11 (full 1):
 PSYoungGen      total 522240K, used 520527K [0x000000076d000000, 0x0000000798380000, 0x00000007c0000000)
  eden space 515072K, 100% used [0x000000076d000000,0x000000078c700000,0x000000078c700000)
  from space 7168K, 76% used [0x000000078c700000,0x000000078cc53ea8,0x000000078ce00000)
  to   space 7680K, 0% used [0x0000000797c00000,0x0000000797c00000,0x0000000798380000)
 ParOldGen       total 97280K, used 6474K [0x00000006c7000000, 0x00000006ccf00000, 0x000000076d000000)
  object space 97280K, 6% used [0x00000006c7000000,0x00000006c76528a8,0x00000006ccf00000)
 Metaspace       used 25396K, capacity 25732K, committed 26032K, reserved 1073152K
  class space    used 3069K, capacity 3162K, committed 3248K, reserved 1048576K
Event: 10.419 GC heap after
Heap after GC invocations=11 (full 1):
 PSYoungGen      total 699904K, used 6349K [0x000000076d000000, 0x0000000798580000, 0x00000007c0000000)
  eden space 692224K, 0% used [0x000000076d000000,0x000000076d000000,0x0000000797400000)
  from space 7680K, 82% used [0x0000000797c00000,0x0000000798233460,0x0000000798380000)
  to   space 8192K, 0% used [0x0000000797400000,0x0000000797400000,0x0000000797c00000)
 ParOldGen       total 97280K, used 6482K [0x00000006c7000000, 0x00000006ccf00000, 0x000000076d000000)
  object space 97280K, 6% used [0x00000006c7000000,0x00000006c76548a8,0x00000006ccf00000)
 Metaspace       used 25396K, capacity 25732K, committed 26032K, reserved 1073152K
  class space    used 3069K, capacity 3162K, committed 3248K, reserved 1048576K
}
Event: 14.039 GC heap before
{Heap before GC invocations=12 (full 1):
 PSYoungGen      total 699904K, used 698573K [0x000000076d000000, 0x0000000798580000, 0x00000007c0000000)
  eden space 692224K, 100% used [0x000000076d000000,0x0000000797400000,0x0000000797400000)
  from space 7680K, 82% used [0x0000000797c00000,0x0000000798233460,0x0000000798380000)
  to   space 8192K, 0% used [0x0000000797400000,0x0000000797400000,0x0000000797c00000)
 ParOldGen       total 97280K, used 6482K [0x00000006c7000000, 0x00000006ccf00000, 0x000000076d000000)
  object space 97280K, 6% used [0x00000006c7000000,0x00000006c76548a8,0x00000006ccf00000)
 Metaspace       used 29684K, capacity 30128K, committed 30384K, reserved 1075200K
  class space    used 3626K, capacity 3756K, committed 3760K, reserved 1048576K
Event: 14.071 GC heap after
Heap after GC invocations=12 (full 1):
 PSYoungGen      total 700416K, used 7427K [0x000000076d000000, 0x00000007a6400000, 0x00000007c0000000)
  eden space 692224K, 0% used [0x000000076d000000,0x000000076d000000,0x0000000797400000)
  from space 8192K, 90% used [0x0000000797400000,0x0000000797b40e18,0x0000000797c00000)
  to   space 8704K, 0% used [0x00000007a5b80000,0x00000007a5b80000,0x00000007a6400000)
 ParOldGen       total 97280K, used 10666K [0x00000006c7000000, 0x00000006ccf00000, 0x000000076d000000)
  object space 97280K, 10% used [0x00000006c7000000,0x00000006c7a6a8f8,0x00000006ccf00000)
 Metaspace       used 29684K, capacity 30128K, committed 30384K, reserved 1075200K
  class space    used 3626K, capacity 3756K, committed 3760K, reserved 1048576K
}
Event: 17.428 GC heap before
{Heap before GC invocations=13 (full 1):
 PSYoungGen      total 700416K, used 526025K [0x000000076d000000, 0x00000007a6400000, 0x00000007c0000000)
  eden space 692224K, 74% used [0x000000076d000000,0x000000078ca71668,0x0000000797400000)
  from space 8192K, 90% used [0x0000000797400000,0x0000000797b40e18,0x0000000797c00000)
  to   space 8704K, 0% used [0x00000007a5b80000,0x00000007a5b80000,0x00000007a6400000)
 ParOldGen       total 97280K, used 10666K [0x00000006c7000000, 0x00000006ccf00000, 0x000000076d000000)
  object space 97280K, 10% used [0x00000006c7000000,0x00000006c7a6a8f8,0x00000006ccf00000)
 Metaspace       used 34757K, capacity 35158K, committed 35496K, reserved 1081344K
  class space    used 4185K, capacity 4301K, committed 4400K, reserved 1048576K
Event: 17.476 GC heap after
Heap after GC invocations=13 (full 1):
 PSYoungGen      total 925696K, used 8699K [0x000000076d000000, 0x00000007a6c00000, 0x00000007c0000000)
  eden space 916992K, 0% used [0x000000076d000000,0x000000076d000000,0x00000007a4f80000)
  from space 8704K, 99% used [0x00000007a5b80000,0x00000007a63feff8,0x00000007a6400000)
  to   space 12288K, 0% used [0x00000007a4f80000,0x00000007a4f80000,0x00000007a5b80000)
 ParOldGen       total 97280K, used 16410K [0x00000006c7000000, 0x00000006ccf00000, 0x000000076d000000)
  object space 97280K, 16% used [0x00000006c7000000,0x00000006c8006a28,0x00000006ccf00000)
 Metaspace       used 34757K, capacity 35158K, committed 35496K, reserved 1081344K
  class space    used 4185K, capacity 4301K, committed 4400K, reserved 1048576K
}
Event: 17.476 GC heap before
{Heap before GC invocations=14 (full 2):
 PSYoungGen      total 925696K, used 8699K [0x000000076d000000, 0x00000007a6c00000, 0x00000007c0000000)
  eden space 916992K, 0% used [0x000000076d000000,0x000000076d000000,0x00000007a4f80000)
  from space 8704K, 99% used [0x00000007a5b80000,0x00000007a63feff8,0x00000007a6400000)
  to   space 12288K, 0% used [0x00000007a4f80000,0x00000007a4f80000,0x00000007a5b80000)
 ParOldGen       total 97280K, used 16410K [0x00000006c7000000, 0x00000006ccf00000, 0x000000076d000000)
  object space 97280K, 16% used [0x00000006c7000000,0x00000006c8006a28,0x00000006ccf00000)
 Metaspace       used 34757K, capacity 35158K, committed 35496K, reserved 1081344K
  class space    used 4185K, capacity 4301K, committed 4400K, reserved 1048576K
Event: 17.802 GC heap after
Heap after GC invocations=14 (full 2):
 PSYoungGen      total 925696K, used 0K [0x000000076d000000, 0x00000007a6c00000, 0x00000007c0000000)
  eden space 916992K, 0% used [0x000000076d000000,0x000000076d000000,0x00000007a4f80000)
  from space 8704K, 0% used [0x00000007a5b80000,0x00000007a5b80000,0x00000007a6400000)
  to   space 12288K, 0% used [0x00000007a4f80000,0x00000007a4f80000,0x00000007a5b80000)
 ParOldGen       total 168960K, used 22856K [0x00000006c7000000, 0x00000006d1500000, 0x000000076d000000)
  object space 168960K, 13% used [0x00000006c7000000,0x00000006c8652230,0x00000006d1500000)
 Metaspace       used 34757K, capacity 35158K, committed 35496K, reserved 1081344K
  class space    used 4185K, capacity 4301K, committed 4400K, reserved 1048576K
}
Event: 46.393 GC heap before
{Heap before GC invocations=15 (full 2):
 PSYoungGen      total 925696K, used 916992K [0x000000076d000000, 0x00000007a6c00000, 0x00000007c0000000)
  eden space 916992K, 100% used [0x000000076d000000,0x00000007a4f80000,0x00000007a4f80000)
  from space 8704K, 0% used [0x00000007a5b80000,0x00000007a5b80000,0x00000007a6400000)
  to   space 12288K, 0% used [0x00000007a4f80000,0x00000007a4f80000,0x00000007a5b80000)
 ParOldGen       total 168960K, used 22856K [0x00000006c7000000, 0x00000006d1500000, 0x000000076d000000)
  object space 168960K, 13% used [0x00000006c7000000,0x00000006c8652230,0x00000006d1500000)
 Metaspace       used 38073K, capacity 38516K, committed 38832K, reserved 1083392K
  class space    used 4588K, capacity 4714K, committed 4784K, reserved 1048576K

