# JRE version: OpenJDK Runtime Environment (8.0_171-b11) (build 1.8.0_171-8u171-b11-0ubuntu0.17.10.1-b11)
# Java VM: OpenJDK 64-Bit Server VM (25.171-b11 mixed mode linux-amd64 compressed oops)
Heap:
 PSYoungGen      total 932864K, used 9392K [0x000000076d000000, 0x00000007a6c80000, 0x00000007c0000000)
  eden space 920576K, 0% used [0x000000076d000000,0x000000076d000000,0x00000007a5300000)
  from space 12288K, 76% used [0x00000007a5300000,0x00000007a5c2c188,0x00000007a5f00000)
  to   space 8704K, 0% used [0x00000007a5f00000,0x00000007a5f00000,0x00000007a6780000)
 ParOldGen       total 172032K, used 23209K [0x00000006c7000000, 0x00000006d1800000, 0x000000076d000000)
  object space 172032K, 13% used [0x00000006c7000000,0x00000006c86aa588,0x00000006d1800000)
 Metaspace       used 38180K, capacity 38679K, committed 38832K, reserved 1083392K
  class space    used 4597K, capacity 4746K, committed 4784K, reserved 1048576K
GC Heap History (10 events):
Event: 8.804 GC heap after
Heap after GC invocations=10 (full 1):
 PSYoungGen      total 523264K, used 5425K [0x000000076d000000, 0x0000000798300000, 0x00000007c0000000)
  eden space 516096K, 0% used [0x000000076d000000,0x000000076d000000,0x000000078c800000)
  from space 7168K, 75% used [0x000000078c800000,0x000000078cd4c7d0,0x000000078cf00000)
  to   space 7680K, 0% used [0x0000000797b80000,0x0000000797b80000,0x0000000798300000)
 ParOldGen       total 99328K, used 6386K [0x00000006c7000000, 0x00000006cd100000, 0x000000076d000000)
  object space 99328K, 6% used [0x00000006c7000000,0x00000006c763cba8,0x00000006cd100000)
 Metaspace       used 24267K, capacity 24617K, committed 24880K, reserved 1071104K
  class space    used 2918K, capacity 3029K, committed 3120K, reserved 1048576K
}
Event: 10.261 GC heap before
{Heap before GC invocations=11 (full 1):
 PSYoungGen      total 523264K, used 521521K [0x000000076d000000, 0x0000000798300000, 0x00000007c0000000)
  eden space 516096K, 100% used [0x000000076d000000,0x000000078c800000,0x000000078c800000)
  from space 7168K, 75% used [0x000000078c800000,0x000000078cd4c7d0,0x000000078cf00000)
  to   space 7680K, 0% used [0x0000000797b80000,0x0000000797b80000,0x0000000798300000)
 ParOldGen       total 99328K, used 6386K [0x00000006c7000000, 0x00000006cd100000, 0x000000076d000000)
  object space 99328K, 6% used [0x00000006c7000000,0x00000006c763cba8,0x00000006cd100000)
 Metaspace       used 25361K, capacity 25671K, committed 25776K, reserved 1071104K
  class space    used 3068K, capacity 3162K, committed 3248K, reserved 1048576K
Event: 10.294 GC heap after
Heap after GC invocations=11 (full 1):
 PSYoungGen      total 699904K, used 6234K [0x000000076d000000, 0x0000000798980000, 0x00000007c0000000)
  eden space 692224K, 0% used [0x000000076d000000,0x000000076d000000,0x0000000797400000)
  from space 7680K, 81% used [0x0000000797b80000,0x00000007981968e8,0x0000000798300000)
  to   space 7680K, 0% used [0x0000000797400000,0x0000000797400000,0x0000000797b80000)
 ParOldGen       total 99328K, used 6386K [0x00000006c7000000, 0x00000006cd100000, 0x000000076d000000)
  object space 99328K, 6% used [0x00000006c7000000,0x00000006c763cba8,0x00000006cd100000)
 Metaspace       used 25361K, capacity 25671K, committed 25776K, reserved 1071104K
  class space    used 3068K, capacity 3162K, committed 3248K, reserved 1048576K
}
Event: 14.120 GC heap before
{Heap before GC invocations=12 (full 1):
 PSYoungGen      total 699904K, used 698458K [0x000000076d000000, 0x0000000798980000, 0x00000007c0000000)
  eden space 692224K, 100% used [0x000000076d000000,0x0000000797400000,0x0000000797400000)
  from space 7680K, 81% used [0x0000000797b80000,0x00000007981968e8,0x0000000798300000)
  to   space 7680K, 0% used [0x0000000797400000,0x0000000797400000,0x0000000797b80000)
 ParOldGen       total 99328K, used 6386K [0x00000006c7000000, 0x00000006cd100000, 0x000000076d000000)
  object space 99328K, 6% used [0x00000006c7000000,0x00000006c763cba8,0x00000006cd100000)
 Metaspace       used 29655K, capacity 30035K, committed 30128K, reserved 1075200K
  class space    used 3624K, capacity 3724K, committed 3760K, reserved 1048576K
Event: 14.155 GC heap after
Heap after GC invocations=12 (full 1):
 PSYoungGen      total 699904K, used 7389K [0x000000076d000000, 0x00000007a6780000, 0x00000007c0000000)
  eden space 692224K, 0% used [0x000000076d000000,0x000000076d000000,0x0000000797400000)
  from space 7680K, 96% used [0x0000000797400000,0x0000000797b377d8,0x0000000797b80000)
  to   space 8704K, 0% used [0x00000007a5f00000,0x00000007a5f00000,0x00000007a6780000)
 ParOldGen       total 99328K, used 10546K [0x00000006c7000000, 0x00000006cd100000, 0x000000076d000000)
  object space 99328K, 10% used [0x00000006c7000000,0x00000006c7a4cbf8,0x00000006cd100000)
 Metaspace       used 29655K, capacity 30035K, committed 30128K, reserved 1075200K
  class space    used 3624K, capacity 3724K, committed 3760K, reserved 1048576K
}
Event: 17.513 GC heap before
{Heap before GC invocations=13 (full 1):
 PSYoungGen      total 699904K, used 526907K [0x000000076d000000, 0x00000007a6780000, 0x00000007c0000000)
  eden space 692224K, 75% used [0x000000076d000000,0x000000078cb576a0,0x0000000797400000)
  from space 7680K, 96% used [0x0000000797400000,0x0000000797b377d8,0x0000000797b80000)
  to   space 8704K, 0% used [0x00000007a5f00000,0x00000007a5f00000,0x00000007a6780000)
 ParOldGen       total 99328K, used 10546K [0x00000006c7000000, 0x00000006cd100000, 0x000000076d000000)
  object space 99328K, 10% used [0x00000006c7000000,0x00000006c7a4cbf8,0x00000006cd100000)
 Metaspace       used 34944K, capacity 35289K, committed 35496K, reserved 1081344K
  class space    used 4200K, capacity 4301K, committed 4400K, reserved 1048576K
Event: 17.561 GC heap after
Heap after GC invocations=13 (full 1):
 PSYoungGen      total 929280K, used 8690K [0x000000076d000000, 0x00000007a6c80000, 0x00000007c0000000)
  eden space 920576K, 0% used [0x000000076d000000,0x000000076d000000,0x00000007a5300000)
  from space 8704K, 99% used [0x00000007a5f00000,0x00000007a677ca18,0x00000007a6780000)
  to   space 12288K, 0% used [0x00000007a5300000,0x00000007a5300000,0x00000007a5f00000)
 ParOldGen       total 99328K, used 16623K [0x00000006c7000000, 0x00000006cd100000, 0x000000076d000000)
  object space 99328K, 16% used [0x00000006c7000000,0x00000006c803bd58,0x00000006cd100000)
 Metaspace       used 34944K, capacity 35289K, committed 35496K, reserved 1081344K
  class space    used 4200K, capacity 4301K, committed 4400K, reserved 1048576K
}
Event: 17.561 GC heap before
{Heap before GC invocations=14 (full 2):
 PSYoungGen      total 929280K, used 8690K [0x000000076d000000, 0x00000007a6c80000, 0x00000007c0000000)
  eden space 920576K, 0% used [0x000000076d000000,0x000000076d000000,0x00000007a5300000)
  from space 8704K, 99% used [0x00000007a5f00000,0x00000007a677ca18,0x00000007a6780000)
  to   space 12288K, 0% used [0x00000007a5300000,0x00000007a5300000,0x00000007a5f00000)
 ParOldGen       total 99328K, used 16623K [0x00000006c7000000, 0x00000006cd100000, 0x000000076d000000)
  object space 99328K, 16% used [0x00000006c7000000,0x00000006c803bd58,0x00000006cd100000)
 Metaspace       used 34944K, capacity 35289K, committed 35496K, reserved 1081344K
  class space    used 4200K, capacity 4301K, committed 4400K, reserved 1048576K
Event: 17.915 GC heap after
Heap after GC invocations=14 (full 2):
 PSYoungGen      total 929280K, used 0K [0x000000076d000000, 0x00000007a6c80000, 0x00000007c0000000)
  eden space 920576K, 0% used [0x000000076d000000,0x000000076d000000,0x00000007a5300000)
  from space 8704K, 0% used [0x00000007a5f00000,0x00000007a5f00000,0x00000007a6780000)
  to   space 12288K, 0% used [0x00000007a5300000,0x00000007a5300000,0x00000007a5f00000)
 ParOldGen       total 172032K, used 23201K [0x00000006c7000000, 0x00000006d1800000, 0x000000076d000000)
  object space 172032K, 13% used [0x00000006c7000000,0x00000006c86a8588,0x00000006d1800000)
 Metaspace       used 34944K, capacity 35289K, committed 35496K, reserved 1081344K
  class space    used 4200K, capacity 4301K, committed 4400K, reserved 1048576K
}
Event: 23.934 GC heap before
{Heap before GC invocations=15 (full 2):
 PSYoungGen      total 929280K, used 920576K [0x000000076d000000, 0x00000007a6c80000, 0x00000007c0000000)
  eden space 920576K, 100% used [0x000000076d000000,0x00000007a5300000,0x00000007a5300000)
  from space 8704K, 0% used [0x00000007a5f00000,0x00000007a5f00000,0x00000007a6780000)
  to   space 12288K, 0% used [0x00000007a5300000,0x00000007a5300000,0x00000007a5f00000)
 ParOldGen       total 172032K, used 23201K [0x00000006c7000000, 0x00000006d1800000, 0x000000076d000000)
  object space 172032K, 13% used [0x00000006c7000000,0x00000006c86a8588,0x00000006d1800000)
 Metaspace       used 38180K, capacity 38679K, committed 38832K, reserved 1083392K
  class space    used 4597K, capacity 4746K, committed 4784K, reserved 1048576K

